nohup: ignoring input

> goip-frontend@0.1.0 dev
> next dev

 ⚠ Warning: Next.js inferred your workspace root, but it may not be correct.
 We detected multiple lockfiles and selected the directory of /home/neo/package-lock.json as the root directory.
 To silence this warning, set `outputFileTracingRoot` in your Next.js config, or consider removing one of the lockfiles if it's not needed.
   See https://nextjs.org/docs/app/api-reference/config/next-config-js/output#caveats for more information.
 Detected additional lockfiles: 
   * /home/neo/AndroidStudioProjects/Rewardly/goip-fullstack/package-lock.json

   ▲ Next.js 15.5.2
   - Local:        http://localhost:3000
   - Network:      http://192.168.1.5:3000
   - Environments: .env

 ✓ Starting...
 ✓ Ready in 1519ms
 ✓ Compiled /api/socket/io in 285ms (130 modules)
Socket.IO is initializing
Socket.IO server initialized successfully
Socket.IO is already running
 GET /api/socket/io?EIO=4&transport=polling&t=eh37cuao 200 in 332ms
 GET /api/socket/io?EIO=4&transport=polling&t=eh2soh7j 200 in 332ms
 ✓ Compiled /api/devices in 414ms (578 modules)
prisma:query SELECT "public"."devices"."id", "public"."devices"."deviceId", "public"."devices"."phoneNumber", "public"."devices"."simSlots", "public"."devices"."batteryLevel", "public"."devices"."deviceStatus", "public"."devices"."lastSeen", "public"."devices"."registeredAt", "public"."devices"."createdAt", "public"."devices"."updatedAt" FROM "public"."devices" WHERE 1=1 ORDER BY "public"."devices"."lastSeen" DESC OFFSET $1
prisma:query SELECT "public"."phone_numbers"."id", "public"."phone_numbers"."deviceId", "public"."phone_numbers"."phoneNumber", "public"."phone_numbers"."slotIndex", "public"."phone_numbers"."carrierName", "public"."phone_numbers"."operatorName", "public"."phone_numbers"."signalStatus", "public"."phone_numbers"."createdAt", "public"."phone_numbers"."updatedAt" FROM "public"."phone_numbers" WHERE "public"."phone_numbers"."deviceId" IN ($1,$2,$3) OFFSET $4
 GET /api/devices 200 in 1157ms
Client connected: N-Nwl4VOBam86H61AAAC
Client connected: HQ6gpEKDm0g93H9JAAAD
Socket HQ6gpEKDm0g93H9JAAAD joined dashboard room
Socket HQ6gpEKDm0g93H9JAAAD joined dashboard room
 ✓ Compiled /api/sms in 87ms (580 modules)
prisma:query SELECT "public"."devices"."id", "public"."devices"."deviceId", "public"."devices"."phoneNumber", "public"."devices"."simSlots", "public"."devices"."batteryLevel", "public"."devices"."deviceStatus", "public"."devices"."lastSeen", "public"."devices"."registeredAt", "public"."devices"."createdAt", "public"."devices"."updatedAt" FROM "public"."devices" WHERE 1=1 ORDER BY "public"."devices"."lastSeen" DESC OFFSET $1
prisma:query SELECT "public"."phone_numbers"."id", "public"."phone_numbers"."deviceId", "public"."phone_numbers"."phoneNumber", "public"."phone_numbers"."slotIndex", "public"."phone_numbers"."carrierName", "public"."phone_numbers"."operatorName", "public"."phone_numbers"."signalStatus", "public"."phone_numbers"."createdAt", "public"."phone_numbers"."updatedAt" FROM "public"."phone_numbers" WHERE "public"."phone_numbers"."deviceId" IN ($1,$2,$3) OFFSET $4
 GET /api/devices 200 in 200ms
Socket HQ6gpEKDm0g93H9JAAAD joined dashboard room
prisma:query SELECT "public"."sms_messages"."id", "public"."sms_messages"."deviceId", "public"."sms_messages"."sender", "public"."sms_messages"."recipient", "public"."sms_messages"."message", "public"."sms_messages"."timestamp", "public"."sms_messages"."receivedAt", "public"."sms_messages"."sentAt", "public"."sms_messages"."status", "public"."sms_messages"."createdAt", "public"."sms_messages"."updatedAt", "public"."sms_messages"."slotIndex" FROM "public"."sms_messages" WHERE 1=1 ORDER BY "public"."sms_messages"."receivedAt" DESC OFFSET $1
prisma:query SELECT "public"."devices"."id", "public"."devices"."deviceId", "public"."devices"."simSlots" FROM "public"."devices" WHERE "public"."devices"."id" IN ($1,$2,$3,$4,$5,$6,$7,$8,$9) OFFSET $10
prisma:query SELECT "public"."phone_numbers"."id", "public"."phone_numbers"."deviceId", "public"."phone_numbers"."phoneNumber", "public"."phone_numbers"."slotIndex", "public"."phone_numbers"."carrierName", "public"."phone_numbers"."operatorName", "public"."phone_numbers"."signalStatus", "public"."phone_numbers"."createdAt", "public"."phone_numbers"."updatedAt" FROM "public"."phone_numbers" WHERE "public"."phone_numbers"."deviceId" IN ($1,$2) OFFSET $3
 GET /api/sms 200 in 693ms
Socket HQ6gpEKDm0g93H9JAAAD joined dashboard room
Socket HQ6gpEKDm0g93H9JAAAD joined dashboard room
Client connected: E1l_pxzhqaQ8TJ1WAAAF
 ✓ Compiled /api/device/register in 205ms (552 modules)
Device authentication: {
  deviceId: 'f095193f438bcf0b',
  timestamp: 1759650682677,
  platform: 'android',
  version: '2.0.1'
}
Socket E1l_pxzhqaQ8TJ1WAAAF joined device room: f095193f438bcf0b
prisma:query INSERT INTO "public"."devices" ("id","deviceId","phoneNumber","simSlots","batteryLevel","deviceStatus","lastSeen","registeredAt","createdAt","updatedAt") VALUES ($1,$2,$3,$4,$5,$6,$7,$8,$9,$10) ON CONFLICT ("deviceId") DO UPDATE SET "phoneNumber" = $11, "simSlots" = $12, "batteryLevel" = $13, "deviceStatus" = $14, "lastSeen" = $15, "updatedAt" = $16 WHERE ("public"."devices"."deviceId" = $17 AND 1=1) RETURNING "public"."devices"."id", "public"."devices"."deviceId", "public"."devices"."phoneNumber", "public"."devices"."simSlots", "public"."devices"."batteryLevel", "public"."devices"."deviceStatus", "public"."devices"."lastSeen", "public"."devices"."registeredAt", "public"."devices"."createdAt", "public"."devices"."updatedAt"
Processing 2 SIM slots for device f095193f438bcf0b
prisma:query INSERT INTO "public"."devices" ("id","deviceId","phoneNumber","simSlots","batteryLevel","deviceStatus","lastSeen","registeredAt","createdAt","updatedAt") VALUES ($1,$2,$3,$4,$5,$6,$7,$8,$9,$10) ON CONFLICT ("deviceId") DO UPDATE SET "phoneNumber" = $11, "simSlots" = $12, "batteryLevel" = $13, "deviceStatus" = $14, "lastSeen" = $15, "updatedAt" = $16 WHERE ("public"."devices"."deviceId" = $17 AND 1=1) RETURNING "public"."devices"."id", "public"."devices"."deviceId", "public"."devices"."phoneNumber", "public"."devices"."simSlots", "public"."devices"."batteryLevel", "public"."devices"."deviceStatus", "public"."devices"."lastSeen", "public"."devices"."registeredAt", "public"."devices"."createdAt", "public"."devices"."updatedAt"
Processing 2 SIM slots for device f095193f438bcf0b
prisma:query SELECT "public"."phone_numbers"."id", "public"."phone_numbers"."deviceId", "public"."phone_numbers"."phoneNumber", "public"."phone_numbers"."slotIndex", "public"."phone_numbers"."carrierName", "public"."phone_numbers"."operatorName", "public"."phone_numbers"."signalStatus", "public"."phone_numbers"."createdAt", "public"."phone_numbers"."updatedAt" FROM "public"."phone_numbers" WHERE ("public"."phone_numbers"."deviceId" = $1 AND "public"."phone_numbers"."phoneNumber" = $2) LIMIT $3 OFFSET $4
prisma:query SELECT "public"."phone_numbers"."id", "public"."phone_numbers"."deviceId", "public"."phone_numbers"."phoneNumber", "public"."phone_numbers"."slotIndex", "public"."phone_numbers"."carrierName", "public"."phone_numbers"."operatorName", "public"."phone_numbers"."signalStatus", "public"."phone_numbers"."createdAt", "public"."phone_numbers"."updatedAt" FROM "public"."phone_numbers" WHERE ("public"."phone_numbers"."deviceId" = $1 AND "public"."phone_numbers"."phoneNumber" = $2) LIMIT $3 OFFSET $4
prisma:query UPDATE "public"."phone_numbers" SET "slotIndex" = $1, "carrierName" = $2, "operatorName" = $3, "signalStatus" = $4, "updatedAt" = $5 WHERE ("public"."phone_numbers"."id" = $6 AND 1=1) RETURNING "public"."phone_numbers"."id", "public"."phone_numbers"."deviceId", "public"."phone_numbers"."phoneNumber", "public"."phone_numbers"."slotIndex", "public"."phone_numbers"."carrierName", "public"."phone_numbers"."operatorName", "public"."phone_numbers"."signalStatus", "public"."phone_numbers"."createdAt", "public"."phone_numbers"."updatedAt"
Phone number 9334198143 updated for slot 0
prisma:query UPDATE "public"."phone_numbers" SET "slotIndex" = $1, "carrierName" = $2, "operatorName" = $3, "signalStatus" = $4, "updatedAt" = $5 WHERE ("public"."phone_numbers"."id" = $6 AND 1=1) RETURNING "public"."phone_numbers"."id", "public"."phone_numbers"."deviceId", "public"."phone_numbers"."phoneNumber", "public"."phone_numbers"."slotIndex", "public"."phone_numbers"."carrierName", "public"."phone_numbers"."operatorName", "public"."phone_numbers"."signalStatus", "public"."phone_numbers"."createdAt", "public"."phone_numbers"."updatedAt"
Phone number 9334198143 updated for slot 0
prisma:query SELECT "public"."phone_numbers"."id", "public"."phone_numbers"."deviceId", "public"."phone_numbers"."phoneNumber", "public"."phone_numbers"."slotIndex", "public"."phone_numbers"."carrierName", "public"."phone_numbers"."operatorName", "public"."phone_numbers"."signalStatus", "public"."phone_numbers"."createdAt", "public"."phone_numbers"."updatedAt" FROM "public"."phone_numbers" WHERE ("public"."phone_numbers"."deviceId" = $1 AND "public"."phone_numbers"."phoneNumber" = $2) LIMIT $3 OFFSET $4
prisma:query SELECT "public"."phone_numbers"."id", "public"."phone_numbers"."deviceId", "public"."phone_numbers"."phoneNumber", "public"."phone_numbers"."slotIndex", "public"."phone_numbers"."carrierName", "public"."phone_numbers"."operatorName", "public"."phone_numbers"."signalStatus", "public"."phone_numbers"."createdAt", "public"."phone_numbers"."updatedAt" FROM "public"."phone_numbers" WHERE ("public"."phone_numbers"."deviceId" = $1 AND "public"."phone_numbers"."phoneNumber" = $2) LIMIT $3 OFFSET $4
prisma:query UPDATE "public"."phone_numbers" SET "slotIndex" = $1, "carrierName" = $2, "operatorName" = $3, "signalStatus" = $4, "updatedAt" = $5 WHERE ("public"."phone_numbers"."id" = $6 AND 1=1) RETURNING "public"."phone_numbers"."id", "public"."phone_numbers"."deviceId", "public"."phone_numbers"."phoneNumber", "public"."phone_numbers"."slotIndex", "public"."phone_numbers"."carrierName", "public"."phone_numbers"."operatorName", "public"."phone_numbers"."signalStatus", "public"."phone_numbers"."createdAt", "public"."phone_numbers"."updatedAt"
Phone number +917501359430 updated for slot 1
Device registered: f095193f438bcf0b - 9334198143, +917501359430
 POST /api/device/register 200 in 1177ms
prisma:query UPDATE "public"."phone_numbers" SET "slotIndex" = $1, "carrierName" = $2, "operatorName" = $3, "signalStatus" = $4, "updatedAt" = $5 WHERE ("public"."phone_numbers"."id" = $6 AND 1=1) RETURNING "public"."phone_numbers"."id", "public"."phone_numbers"."deviceId", "public"."phone_numbers"."phoneNumber", "public"."phone_numbers"."slotIndex", "public"."phone_numbers"."carrierName", "public"."phone_numbers"."operatorName", "public"."phone_numbers"."signalStatus", "public"."phone_numbers"."createdAt", "public"."phone_numbers"."updatedAt"
Phone number +917501359430 updated for slot 1
Device registered: f095193f438bcf0b - 9334198143, +917501359430
 POST /api/device/register 200 in 1196ms
Client disconnected: E1l_pxzhqaQ8TJ1WAAAF
Client connected: jEXJz-7JYnA28S9-AAAI
Client connected: l2fvFIKtcmrN7jIYAAAJ
Device authentication: {
  deviceId: 'f095193f438bcf0b',
  timestamp: 1759650730455,
  platform: 'android',
  version: '2.0.1'
}
Socket l2fvFIKtcmrN7jIYAAAJ joined device room: f095193f438bcf0b
Device authentication: {
  deviceId: 'f095193f438bcf0b',
  timestamp: 1759650730479,
  platform: 'android',
  version: '2.0.1'
}
Socket l2fvFIKtcmrN7jIYAAAJ joined device room: f095193f438bcf0b
 ✓ Compiled /api/sms/receive in 175ms (553 modules)
prisma:query SELECT "public"."devices"."id", "public"."devices"."deviceId", "public"."devices"."phoneNumber", "public"."devices"."simSlots", "public"."devices"."batteryLevel", "public"."devices"."deviceStatus", "public"."devices"."lastSeen", "public"."devices"."registeredAt", "public"."devices"."createdAt", "public"."devices"."updatedAt" FROM "public"."devices" WHERE ("public"."devices"."deviceId" = $1 AND 1=1) LIMIT $2 OFFSET $3
prisma:query SELECT "public"."phone_numbers"."id", "public"."phone_numbers"."deviceId", "public"."phone_numbers"."phoneNumber", "public"."phone_numbers"."slotIndex", "public"."phone_numbers"."carrierName", "public"."phone_numbers"."operatorName", "public"."phone_numbers"."signalStatus", "public"."phone_numbers"."createdAt", "public"."phone_numbers"."updatedAt" FROM "public"."phone_numbers" WHERE "public"."phone_numbers"."deviceId" = $1 OFFSET $2
prisma:query INSERT INTO "public"."sms_messages" ("id","deviceId","sender","recipient","message","timestamp","receivedAt","createdAt","updatedAt","slotIndex") VALUES ($1,$2,$3,$4,$5,$6,$7,$8,$9,$10) RETURNING "public"."sms_messages"."id", "public"."sms_messages"."deviceId", "public"."sms_messages"."sender", "public"."sms_messages"."recipient", "public"."sms_messages"."message", "public"."sms_messages"."timestamp", "public"."sms_messages"."receivedAt", "public"."sms_messages"."sentAt", "public"."sms_messages"."status", "public"."sms_messages"."createdAt", "public"."sms_messages"."updatedAt", "public"."sms_messages"."slotIndex"
SMS received on Jio True5G — Jio (9334198143) from TEST_SENDER: Test message from Socket.IO verification
Socket HQ6gpEKDm0g93H9JAAAD joined dashboard room
Socket HQ6gpEKDm0g93H9JAAAD joined dashboard room
prisma:query SELECT COUNT(*) AS "_count$_all" FROM (SELECT "public"."sms_messages"."id" FROM "public"."sms_messages" WHERE 1=1 OFFSET $1) AS "sub"
prisma:query SELECT COUNT(*) AS "_count$_all" FROM (SELECT "public"."sms_messages"."id" FROM "public"."sms_messages" WHERE "public"."sms_messages"."sender" IS NOT NULL OFFSET $1) AS "sub"
 POST /api/sms/receive 200 in 1077ms
Socket HQ6gpEKDm0g93H9JAAAD joined dashboard room
Client disconnected: N-Nwl4VOBam86H61AAAC
Client disconnected: HQ6gpEKDm0g93H9JAAAD
 ○ Compiling /api/sms ...
 ✓ Compiled /api/sms in 629ms (1220 modules)
Client connected: -38UoN5bp3JuX0ivAAAL
 GET /dashboard 200 in 875ms
 ✓ Compiled in 265ms (545 modules)
Client connected: b1gpUZWCA3E-fkv9AAAP
Client connected: A0sOV75elMkzuOn8AAAQ
prisma:query SELECT "public"."sms_messages"."id", "public"."sms_messages"."deviceId", "public"."sms_messages"."sender", "public"."sms_messages"."recipient", "public"."sms_messages"."message", "public"."sms_messages"."timestamp", "public"."sms_messages"."receivedAt", "public"."sms_messages"."sentAt", "public"."sms_messages"."status", "public"."sms_messages"."createdAt", "public"."sms_messages"."updatedAt", "public"."sms_messages"."slotIndex" FROM "public"."sms_messages" WHERE 1=1 ORDER BY "public"."sms_messages"."receivedAt" DESC OFFSET $1
prisma:query SELECT "public"."devices"."id", "public"."devices"."deviceId", "public"."devices"."phoneNumber", "public"."devices"."simSlots", "public"."devices"."batteryLevel", "public"."devices"."deviceStatus", "public"."devices"."lastSeen", "public"."devices"."registeredAt", "public"."devices"."createdAt", "public"."devices"."updatedAt" FROM "public"."devices" WHERE 1=1 ORDER BY "public"."devices"."lastSeen" DESC OFFSET $1
prisma:query SELECT "public"."devices"."id", "public"."devices"."deviceId", "public"."devices"."simSlots" FROM "public"."devices" WHERE "public"."devices"."id" IN ($1,$2,$3,$4,$5,$6,$7,$8,$9,$10,$11) OFFSET $12
prisma:query SELECT "public"."phone_numbers"."id", "public"."phone_numbers"."deviceId", "public"."phone_numbers"."phoneNumber", "public"."phone_numbers"."slotIndex", "public"."phone_numbers"."carrierName", "public"."phone_numbers"."operatorName", "public"."phone_numbers"."signalStatus", "public"."phone_numbers"."createdAt", "public"."phone_numbers"."updatedAt" FROM "public"."phone_numbers" WHERE "public"."phone_numbers"."deviceId" IN ($1,$2,$3) OFFSET $4
 GET /api/devices 200 in 1360ms
Socket A0sOV75elMkzuOn8AAAQ joined dashboard room
prisma:query SELECT "public"."phone_numbers"."id", "public"."phone_numbers"."deviceId", "public"."phone_numbers"."phoneNumber", "public"."phone_numbers"."slotIndex", "public"."phone_numbers"."carrierName", "public"."phone_numbers"."operatorName", "public"."phone_numbers"."signalStatus", "public"."phone_numbers"."createdAt", "public"."phone_numbers"."updatedAt" FROM "public"."phone_numbers" WHERE "public"."phone_numbers"."deviceId" IN ($1,$2) OFFSET $3
 GET /api/sms 200 in 1430ms
prisma:query SELECT "public"."devices"."id", "public"."devices"."deviceId", "public"."devices"."phoneNumber", "public"."devices"."simSlots", "public"."devices"."batteryLevel", "public"."devices"."deviceStatus", "public"."devices"."lastSeen", "public"."devices"."registeredAt", "public"."devices"."createdAt", "public"."devices"."updatedAt" FROM "public"."devices" WHERE 1=1 ORDER BY "public"."devices"."lastSeen" DESC OFFSET $1
prisma:query SELECT "public"."sms_messages"."id", "public"."sms_messages"."deviceId", "public"."sms_messages"."sender", "public"."sms_messages"."recipient", "public"."sms_messages"."message", "public"."sms_messages"."timestamp", "public"."sms_messages"."receivedAt", "public"."sms_messages"."sentAt", "public"."sms_messages"."status", "public"."sms_messages"."createdAt", "public"."sms_messages"."updatedAt", "public"."sms_messages"."slotIndex" FROM "public"."sms_messages" WHERE 1=1 ORDER BY "public"."sms_messages"."receivedAt" DESC OFFSET $1
prisma:query SELECT "public"."phone_numbers"."id", "public"."phone_numbers"."deviceId", "public"."phone_numbers"."phoneNumber", "public"."phone_numbers"."slotIndex", "public"."phone_numbers"."carrierName", "public"."phone_numbers"."operatorName", "public"."phone_numbers"."signalStatus", "public"."phone_numbers"."createdAt", "public"."phone_numbers"."updatedAt" FROM "public"."phone_numbers" WHERE "public"."phone_numbers"."deviceId" IN ($1,$2,$3) OFFSET $4
 GET /api/devices 200 in 538ms
Socket A0sOV75elMkzuOn8AAAQ joined dashboard room
prisma:query SELECT "public"."devices"."id", "public"."devices"."deviceId", "public"."devices"."simSlots" FROM "public"."devices" WHERE "public"."devices"."id" IN ($1,$2,$3,$4,$5,$6,$7,$8,$9,$10,$11) OFFSET $12
prisma:query SELECT "public"."phone_numbers"."id", "public"."phone_numbers"."deviceId", "public"."phone_numbers"."phoneNumber", "public"."phone_numbers"."slotIndex", "public"."phone_numbers"."carrierName", "public"."phone_numbers"."operatorName", "public"."phone_numbers"."signalStatus", "public"."phone_numbers"."createdAt", "public"."phone_numbers"."updatedAt" FROM "public"."phone_numbers" WHERE "public"."phone_numbers"."deviceId" IN ($1,$2) OFFSET $3
 GET /api/sms 200 in 670ms
Socket A0sOV75elMkzuOn8AAAQ joined dashboard room
Socket A0sOV75elMkzuOn8AAAQ joined dashboard room
Socket A0sOV75elMkzuOn8AAAQ joined dashboard room
prisma:query SELECT "public"."sms_messages"."id", "public"."sms_messages"."deviceId", "public"."sms_messages"."sender", "public"."sms_messages"."recipient", "public"."sms_messages"."message", "public"."sms_messages"."timestamp", "public"."sms_messages"."receivedAt", "public"."sms_messages"."sentAt", "public"."sms_messages"."status", "public"."sms_messages"."createdAt", "public"."sms_messages"."updatedAt", "public"."sms_messages"."slotIndex" FROM "public"."sms_messages" WHERE 1=1 ORDER BY "public"."sms_messages"."receivedAt" DESC OFFSET $1
prisma:query SELECT "public"."devices"."id", "public"."devices"."deviceId", "public"."devices"."simSlots" FROM "public"."devices" WHERE "public"."devices"."id" IN ($1,$2,$3,$4,$5,$6,$7,$8,$9,$10,$11) OFFSET $12
prisma:query SELECT "public"."phone_numbers"."id", "public"."phone_numbers"."deviceId", "public"."phone_numbers"."phoneNumber", "public"."phone_numbers"."slotIndex", "public"."phone_numbers"."carrierName", "public"."phone_numbers"."operatorName", "public"."phone_numbers"."signalStatus", "public"."phone_numbers"."createdAt", "public"."phone_numbers"."updatedAt" FROM "public"."phone_numbers" WHERE "public"."phone_numbers"."deviceId" IN ($1,$2) OFFSET $3
 GET /api/sms?limit=5 200 in 525ms
Device heartbeat: {
  deviceId: 'f095193f438bcf0b',
  batteryLevel: 3,
  deviceStatus: 'online',
  timestamp: 1759650801933,
  simSlots: [
    {
      slotIndex: 0,
      carrierName: 'Jio',
      phoneNumber: '9334198143',
      signalStatus: 'Fair'
    },
    {
      slotIndex: 1,
      carrierName: 'airtel',
      phoneNumber: '+917501359430',
      signalStatus: 'Fair'
    }
  ],
  networkConnectivity: {
    hasCellular: 'false',
    hasWifi: 'true',
    hasEthernet: 'false',
    isConnected: 'true',
    activeTransports: '[Wi-Fi]'
  }
}
Socket A0sOV75elMkzuOn8AAAQ joined dashboard room
 ✓ Compiled /api/device/heartbeat in 177ms (1222 modules)
prisma:query SELECT "public"."devices"."id", "public"."devices"."deviceId", "public"."devices"."phoneNumber", "public"."devices"."simSlots", "public"."devices"."batteryLevel", "public"."devices"."deviceStatus", "public"."devices"."lastSeen", "public"."devices"."registeredAt", "public"."devices"."createdAt", "public"."devices"."updatedAt" FROM "public"."devices" WHERE ("public"."devices"."deviceId" = $1 AND 1=1) LIMIT $2 OFFSET $3
prisma:query UPDATE "public"."devices" SET "batteryLevel" = $1, "deviceStatus" = $2, "lastSeen" = $3, "simSlots" = $4, "updatedAt" = $5 WHERE ("public"."devices"."id" = $6 AND 1=1) RETURNING "public"."devices"."id", "public"."devices"."deviceId", "public"."devices"."phoneNumber", "public"."devices"."simSlots", "public"."devices"."batteryLevel", "public"."devices"."deviceStatus", "public"."devices"."lastSeen", "public"."devices"."registeredAt", "public"."devices"."createdAt", "public"."devices"."updatedAt"
prisma:query SELECT "public"."phone_numbers"."id", "public"."phone_numbers"."deviceId", "public"."phone_numbers"."phoneNumber", "public"."phone_numbers"."slotIndex", "public"."phone_numbers"."carrierName", "public"."phone_numbers"."operatorName", "public"."phone_numbers"."signalStatus", "public"."phone_numbers"."createdAt", "public"."phone_numbers"."updatedAt" FROM "public"."phone_numbers" WHERE "public"."phone_numbers"."deviceId" = $1 OFFSET $2
prisma:query UPDATE "public"."phone_numbers" SET "slotIndex" = $1, "carrierName" = $2, "operatorName" = $3, "signalStatus" = $4, "updatedAt" = $5 WHERE ("public"."phone_numbers"."id" = $6 AND 1=1) RETURNING "public"."phone_numbers"."id", "public"."phone_numbers"."deviceId", "public"."phone_numbers"."phoneNumber", "public"."phone_numbers"."slotIndex", "public"."phone_numbers"."carrierName", "public"."phone_numbers"."operatorName", "public"."phone_numbers"."signalStatus", "public"."phone_numbers"."createdAt", "public"."phone_numbers"."updatedAt"
Updated phone number 9334198143 for slot 0
prisma:query UPDATE "public"."phone_numbers" SET "slotIndex" = $1, "carrierName" = $2, "operatorName" = $3, "signalStatus" = $4, "updatedAt" = $5 WHERE ("public"."phone_numbers"."id" = $6 AND 1=1) RETURNING "public"."phone_numbers"."id", "public"."phone_numbers"."deviceId", "public"."phone_numbers"."phoneNumber", "public"."phone_numbers"."slotIndex", "public"."phone_numbers"."carrierName", "public"."phone_numbers"."operatorName", "public"."phone_numbers"."signalStatus", "public"."phone_numbers"."createdAt", "public"."phone_numbers"."updatedAt"
Updated phone number +917501359430 for slot 1
Device f095193f438bcf0b SIM info updated: 9334198143, +917501359430
prisma:query SELECT "public"."devices"."id", "public"."devices"."deviceId", "public"."devices"."phoneNumber", "public"."devices"."simSlots", "public"."devices"."batteryLevel", "public"."devices"."deviceStatus", "public"."devices"."lastSeen", "public"."devices"."registeredAt", "public"."devices"."createdAt", "public"."devices"."updatedAt" FROM "public"."devices" WHERE ("public"."devices"."deviceId" = $1 AND 1=1) LIMIT $2 OFFSET $3
prisma:query SELECT "public"."phone_numbers"."id", "public"."phone_numbers"."deviceId", "public"."phone_numbers"."phoneNumber", "public"."phone_numbers"."slotIndex", "public"."phone_numbers"."carrierName", "public"."phone_numbers"."operatorName", "public"."phone_numbers"."signalStatus", "public"."phone_numbers"."createdAt", "public"."phone_numbers"."updatedAt" FROM "public"."phone_numbers" WHERE "public"."phone_numbers"."deviceId" = $1 OFFSET $2
Socket A0sOV75elMkzuOn8AAAQ joined dashboard room
prisma:query SELECT COUNT(*) AS "_count$_all" FROM (SELECT "public"."devices"."id" FROM "public"."devices" WHERE 1=1 OFFSET $1) AS "sub"
prisma:query SELECT COUNT(*) AS "_count$_all" FROM (SELECT "public"."devices"."id" FROM "public"."devices" WHERE "public"."devices"."deviceStatus" = $1 OFFSET $2) AS "sub"
 POST /api/device/heartbeat 200 in 845ms
Socket A0sOV75elMkzuOn8AAAQ joined dashboard room
Client disconnected: -38UoN5bp3JuX0ivAAAL
